[ 2023-08-23 11:53:52,855 ] 26 root - INFO - data ingestion step started
[ 2023-08-23 11:53:54,087 ] 29 root - INFO - data read as pandas dataframe
[ 2023-08-23 11:53:56,042 ] 34 root - INFO - Train test split started
[ 2023-08-23 11:53:58,086 ] 40 root - INFO - Data ingestion completed
[ 2023-08-23 11:53:58,395 ] 76 root - INFO - Read train and test data completed
[ 2023-08-23 11:53:58,403 ] 77 root - INFO - Train Dataframe Head : 
       id  carat      cut color clarity  depth  table     x     y     z  price
0  168192   0.34    Ideal     I    VVS2   60.9   57.0  4.56  4.53  2.76    765
1   35202   0.90     Good     E     SI1   63.8   57.0  6.07  6.03  3.87   4763
2   41091   1.02  Premium     G     VS1   62.7   58.0  6.35  6.39  4.00   6139
3   31239   0.32  Premium     G     VS2   62.1   59.0  4.37  4.35  2.71    720
4   45722   0.35    Ideal     J    VVS2   61.1   56.0  4.53  4.57  2.78    774
[ 2023-08-23 11:53:58,410 ] 78 root - INFO - Test Dataframe Head  : 
       id  carat        cut color clarity  depth  table     x     y     z  price
0   70432   0.53    Premium     E     VS2   60.8   56.0  5.24  5.21  3.19   1607
1   64839   0.71  Very Good     H     SI1   62.9   57.0  5.67  5.69  3.56   2211
2  185316   0.30      Ideal     H      IF   62.1   57.0  4.27  4.29  2.66    764
3   84658   1.24    Premium     G     VS2   61.6   61.0  6.88  6.82  4.21   7655
4   31953   0.36    Premium     E     VS1   60.4   58.0  4.60  4.63  2.80    735
[ 2023-08-23 11:53:58,410 ] 80 root - INFO - onbtaining preprocessor object
[ 2023-08-23 11:53:58,410 ] 24 root - INFO - Data tranformatiopn initiated
[ 2023-08-23 11:53:58,410 ] 35 root - INFO - Pipeline initiated
[ 2023-08-23 11:53:58,982 ] 97 root - INFO - Applying preprocessing obj on traing and testing datasets
[ 2023-08-23 11:53:58,992 ] 107 root - INFO - preprocessor pickel file saved
[ 2023-08-23 11:53:58,997 ] 23 root - INFO - splitting dependent and independent variables
[ 2023-08-23 11:56:42,415 ] 41 root - INFO - Model Report : {'LinearRegression': 0.9368908248567511, 'Lasso': 0.9368940971841704, 'Rigde': 0.9368906732505939, 'Elasticnet': 0.8556494831165181}
[ 2023-08-23 11:56:42,437 ] 54 root - INFO - Best model found,model name :Lasso, R2 score=0.9368940971841704
